<?xml version="1.0" encoding="UTF-8"?>
<testsuite xmlns:xsi="http://www.w3.org/2001/XMLSchema-instance" xsi:noNamespaceSchemaLocation="https://maven.apache.org/surefire/maven-surefire-plugin/xsd/surefire-test-report.xsd" name="ua.tqs.homework.testEntities.CityRepositoryTest" time="0.332" tests="2" errors="0" skipped="0" failures="0">
  <properties>
[...]
</properties>
  <testcase name="whenFindAll_containsCity" classname="ua.tqs.homework.testEntities.CityRepositoryTest" time="0.318"/>
  <testcase name="whenGetById_returnCity" classname="ua.tqs.homework.testEntities.CityRepositoryTest" time="0.01"/>
</testsuite>